#
# There is insufficient memory for the Java Runtime Environment to continue.
# Native memory allocation (malloc) failed to allocate 271376 bytes for Chunk::new
# Possible reasons:
#   The system is out of physical RAM or swap space
#   In 32 bit mode, the process size limit was hit
# Possible solutions:
#   Reduce memory load on the system
#   Increase physical memory or swap space
#   Check if swap backing store is full
#   Use 64 bit Java on a 64 bit OS
#   Decrease Java heap size (-Xmx/-Xms)
#   Decrease number of Java threads
#   Decrease Java thread stack sizes (-Xss)
#   Set larger code cache with -XX:ReservedCodeCacheSize=
# This output file may be truncated or incomplete.
#
#  Out of Memory Error (allocation.cpp:390), pid=35724, tid=0x000000000000816c
#
# JRE version: OpenJDK Runtime Environment (8.0_152-b02) (build 1.8.0_152-release-1024-b02)
# Java VM: OpenJDK 64-Bit Server VM (25.152-b02 mixed mode windows-amd64 compressed oops)
# Failed to write core dump. Minidumps are not enabled by default on client versions of Windows
#

---------------  T H R E A D  ---------------

Current thread (0x0000000015d9a800):  JavaThread "C2 CompilerThread0" daemon [_thread_in_native, id=33132, stack(0x00000000173f0000,0x00000000174f0000)]

Stack: [0x00000000173f0000,0x00000000174f0000]
[error occurred during error reporting (printing stack bounds), id 0xc0000005]

Native frames: (J=compiled Java code, j=interpreted, Vv=VM code, C=native code)


Current CompileTask:
C2:  47482 3357       4       java.security.CodeSource::equals (60 bytes)


---------------  P R O C E S S  ---------------

Java Threads: ( => current thread )
  0x000000001b03d800 JavaThread "build operations Thread 4" [_thread_blocked, id=35648, stack(0x000000001fa90000,0x000000001fb90000)]
  0x000000001b03c000 JavaThread "build operations Thread 3" [_thread_blocked, id=34972, stack(0x000000001f990000,0x000000001fa90000)]
  0x000000001b03b800 JavaThread "build operations Thread 2" [_thread_blocked, id=34804, stack(0x000000001f890000,0x000000001f990000)]
  0x000000001b039000 JavaThread "build operations" [_thread_blocked, id=34152, stack(0x000000001e000000,0x000000001e100000)]
  0x000000001b03a000 JavaThread "Cache worker for Artifact transforms cache (C:\Users\Nikola\.gradle\caches\transforms-1)" [_thread_blocked, id=34436, stack(0x000000001df00000,0x000000001e000000)]
  0x000000001aaf8000 JavaThread "Cache worker for file hash cache (C:\Users\Nikola\Desktop\lab-mosis\MyPlaces\.gradle\4.4\fileHashes)" [_thread_blocked, id=27896, stack(0x000000001c830000,0x000000001c930000)]
  0x0000000017923000 JavaThread "File lock request listener" [_thread_in_native, id=35072, stack(0x000000001b760000,0x000000001b860000)]
  0x00000000180d9800 JavaThread "Cache worker for file hash cache (C:\Users\Nikola\.gradle\caches\4.4\fileHashes)" [_thread_blocked, id=17440, stack(0x000000001b660000,0x000000001b760000)]
  0x0000000018cf3800 JavaThread "Stdin handler" [_thread_blocked, id=31372, stack(0x000000001a390000,0x000000001a490000)]
  0x0000000018cf2800 JavaThread "Asynchronous log dispatcher for DefaultDaemonConnection: socket connection from /127.0.0.1:59487 to /127.0.0.1:59494" [_thread_blocked, id=35376, stack(0x000000001a290000,0x000000001a390000)]
  0x0000000018cfa000 JavaThread "Daemon worker" [_thread_in_native, id=25572, stack(0x000000001a190000,0x000000001a290000)]
  0x0000000018ef7000 JavaThread "Cancel handler" [_thread_blocked, id=33316, stack(0x000000001a090000,0x000000001a190000)]
  0x0000000018ea9800 JavaThread "Handler for socket connection from /127.0.0.1:59487 to /127.0.0.1:59494" [_thread_in_native, id=33932, stack(0x0000000019d90000,0x0000000019e90000)]
  0x0000000018cc8800 JavaThread "Daemon" [_thread_blocked, id=32892, stack(0x0000000019c90000,0x0000000019d90000)]
  0x0000000018ca4800 JavaThread "Daemon periodic checks" [_thread_blocked, id=33112, stack(0x0000000019b90000,0x0000000019c90000)]
  0x0000000018cb8000 JavaThread "Incoming local TCP Connector on port 59487" [_thread_in_native, id=2876, stack(0x00000000199a0000,0x0000000019aa0000)]
  0x0000000017718800 JavaThread "Service Thread" daemon [_thread_blocked, id=34272, stack(0x0000000017af0000,0x0000000017bf0000)]
  0x0000000015da3000 JavaThread "C1 CompilerThread2" daemon [_thread_blocked, id=31068, stack(0x00000000175f0000,0x00000000176f0000)]
  0x0000000015d9d800 JavaThread "C2 CompilerThread1" daemon [_thread_blocked, id=33560, stack(0x00000000174f0000,0x00000000175f0000)]
=>0x0000000015d9a800 JavaThread "C2 CompilerThread0" daemon [_thread_in_native, id=33132, stack(0x00000000173f0000,0x00000000174f0000)]
  0x0000000015d99000 JavaThread "Attach Listener" daemon [_thread_blocked, id=35208, stack(0x00000000172f0000,0x00000000173f0000)]
  0x0000000015da5800 JavaThread "Signal Dispatcher" daemon [_thread_blocked, id=30212, stack(0x00000000171f0000,0x00000000172f0000)]
  0x0000000015d88800 JavaThread "Finalizer" daemon [_thread_blocked, id=34016, stack(0x0000000017010000,0x0000000017110000)]
  0x0000000002422800 JavaThread "Reference Handler" daemon [_thread_blocked, id=23284, stack(0x0000000016f10000,0x0000000017010000)]
  0x0000000000bee000 JavaThread "main" [_thread_blocked, id=34232, stack(0x0000000000ab0000,0x0000000000bb0000)]

Other Threads:
  0x0000000015d64800 VMThread [stack: 0x0000000016e10000,0x0000000016f10000] [id=33140]
  0x0000000017719000 WatcherThread [stack: 0x0000000017bf0000,0x0000000017cf0000] [id=35624]

VM state:not at safepoint (normal execution)

VM Mutex/Monitor currently owned by a thread: None

Heap:
 PSYoungGen      total 47104K, used 4444K [0x00000000e0000000, 0x00000000e3d80000, 0x0000000100000000)
  eden space 38912K, 11% used [0x00000000e0000000,0x00000000e04571c8,0x00000000e2600000)
  from space 8192K, 0% used [0x00000000e2e80000,0x00000000e2e80000,0x00000000e3680000)
  to   space 8704K, 0% used [0x00000000e2600000,0x00000000e2600000,0x00000000e2e80000)
 ParOldGen       total 51712K, used 16005K [0x00000000a0000000, 0x00000000a3280000, 0x00000000e0000000)
  object space 51712K, 30% used [0x00000000a0000000,0x00000000a0fa1718,0x00000000a3280000)
 Metaspace       used 35476K, capacity 36220K, committed 36480K, reserved 1081344K
  class space    used 4924K, capacity 5165K, committed 5248K, reserved 1048576K

Card table byte_map: [0x00000000117f0000,0x0000000011b00000] byte_map_base: 0x00000000112f0000

Marking Bits: (ParMarkBitMap*) 0x0000000056df4970
 Begin Bits: [0x0000000012100000, 0x0000000013900000)
 End Bits:   [0x0000000013900000, 0x0000000015100000)

Polling page: 0x0000000000960000

CodeCache: size=245760Kb used=11180Kb max_used=11180Kb free=234579Kb
 bounds [0x0000000002430000, 0x0000000002f30000, 0x0000000011430000]
 total_blobs=3787 nmethods=3091 adapters=609
 compilation: enabled

Compilation events (10 events):
Event: 47.385 Thread 0x0000000015da3000 3353       3       jdk.internal.org.objectweb.asm.Label::<init> (5 bytes)
Event: 47.385 Thread 0x0000000015da3000 nmethod 3353 0x0000000002f1e150 code [0x0000000002f1e2a0, 0x0000000002f1e450]
Event: 47.385 Thread 0x0000000015d9a800 nmethod 3351 0x0000000002f1c990 code [0x0000000002f1cac0, 0x0000000002f1cbf8]
Event: 47.386 Thread 0x0000000015da3000 3354       3       java.lang.invoke.MethodType::basicType (8 bytes)
Event: 47.386 Thread 0x0000000015da3000 nmethod 3354 0x0000000002f1c590 code [0x0000000002f1c6e0, 0x0000000002f1c8d0]
Event: 47.387 Thread 0x0000000015da3000 3355       3       sun.security.provider.SHA2::lf_S (11 bytes)
Event: 47.387 Thread 0x0000000015da3000 nmethod 3355 0x0000000002f1c290 code [0x0000000002f1c3e0, 0x0000000002f1c530]
Event: 47.388 Thread 0x0000000015d9d800 3356       4       java.lang.ClassLoader::defineClass (43 bytes)
Event: 47.420 Thread 0x0000000015d9d800 nmethod 3356 0x0000000002f232d0 code [0x0000000002f234c0, 0x0000000002f24380]
Event: 47.421 Thread 0x0000000015d9a800 3357       4       java.security.CodeSource::equals (60 bytes)

GC Heap History (10 events):
Event: 22.445 GC heap before
{Heap before GC invocations=14 (full 1):
 PSYoungGen      total 33280K, used 32122K [0x00000000e0000000, 0x00000000e2b80000, 0x0000000100000000)
  eden space 27648K, 100% used [0x00000000e0000000,0x00000000e1b00000,0x00000000e1b00000)
  from space 5632K, 79% used [0x00000000e2080000,0x00000000e24deac8,0x00000000e2600000)
  to   space 5632K, 0% used [0x00000000e1b00000,0x00000000e1b00000,0x00000000e2080000)
 ParOldGen       total 34816K, used 7978K [0x00000000a0000000, 0x00000000a2200000, 0x00000000e0000000)
  object space 34816K, 22% used [0x00000000a0000000,0x00000000a07caa58,0x00000000a2200000)
 Metaspace       used 28410K, capacity 29004K, committed 29312K, reserved 1075200K
  class space    used 3960K, capacity 4138K, committed 4224K, reserved 1048576K
Event: 22.457 GC heap after
Heap after GC invocations=14 (full 1):
 PSYoungGen      total 33280K, used 5630K [0x00000000e0000000, 0x00000000e2d80000, 0x0000000100000000)
  eden space 27648K, 0% used [0x00000000e0000000,0x00000000e0000000,0x00000000e1b00000)
  from space 5632K, 99% used [0x00000000e1b00000,0x00000000e207fb68,0x00000000e2080000)
  to   space 6144K, 0% used [0x00000000e2780000,0x00000000e2780000,0x00000000e2d80000)
 ParOldGen       total 34816K, used 8398K [0x00000000a0000000, 0x00000000a2200000, 0x00000000e0000000)
  object space 34816K, 24% used [0x00000000a0000000,0x00000000a0833b08,0x00000000a2200000)
 Metaspace       used 28410K, capacity 29004K, committed 29312K, reserved 1075200K
  class space    used 3960K, capacity 4138K, committed 4224K, reserved 1048576K
}
Event: 26.299 GC heap before
{Heap before GC invocations=15 (full 1):
 PSYoungGen      total 33280K, used 33278K [0x00000000e0000000, 0x00000000e2d80000, 0x0000000100000000)
  eden space 27648K, 100% used [0x00000000e0000000,0x00000000e1b00000,0x00000000e1b00000)
  from space 5632K, 99% used [0x00000000e1b00000,0x00000000e207fb68,0x00000000e2080000)
  to   space 6144K, 0% used [0x00000000e2780000,0x00000000e2780000,0x00000000e2d80000)
 ParOldGen       total 34816K, used 8398K [0x00000000a0000000, 0x00000000a2200000, 0x00000000e0000000)
  object space 34816K, 24% used [0x00000000a0000000,0x00000000a0833b08,0x00000000a2200000)
 Metaspace       used 29877K, capacity 30480K, committed 30592K, reserved 1075200K
  class space    used 4217K, capacity 4417K, committed 4480K, reserved 1048576K
Event: 26.313 GC heap after
Heap after GC invocations=15 (full 1):
 PSYoungGen      total 38912K, used 6133K [0x00000000e0000000, 0x00000000e3080000, 0x0000000100000000)
  eden space 32768K, 0% used [0x00000000e0000000,0x00000000e0000000,0x00000000e2000000)
  from space 6144K, 99% used [0x00000000e2780000,0x00000000e2d7d580,0x00000000e2d80000)
  to   space 7680K, 0% used [0x00000000e2000000,0x00000000e2000000,0x00000000e2780000)
 ParOldGen       total 34816K, used 9631K [0x00000000a0000000, 0x00000000a2200000, 0x00000000e0000000)
  object space 34816K, 27% used [0x00000000a0000000,0x00000000a0967ec8,0x00000000a2200000)
 Metaspace       used 29877K, capacity 30480K, committed 30592K, reserved 1075200K
  class space    used 4217K, capacity 4417K, committed 4480K, reserved 1048576K
}
Event: 45.756 GC heap before
{Heap before GC invocations=16 (full 1):
 PSYoungGen      total 38912K, used 38901K [0x00000000e0000000, 0x00000000e3080000, 0x0000000100000000)
  eden space 32768K, 100% used [0x00000000e0000000,0x00000000e2000000,0x00000000e2000000)
  from space 6144K, 99% used [0x00000000e2780000,0x00000000e2d7d580,0x00000000e2d80000)
  to   space 7680K, 0% used [0x00000000e2000000,0x00000000e2000000,0x00000000e2780000)
 ParOldGen       total 34816K, used 9631K [0x00000000a0000000, 0x00000000a2200000, 0x00000000e0000000)
  object space 34816K, 27% used [0x00000000a0000000,0x00000000a0967ec8,0x00000000a2200000)
 Metaspace       used 33081K, capacity 33812K, committed 34176K, reserved 1079296K
  class space    used 4638K, capacity 4872K, committed 4992K, reserved 1048576K
Event: 45.769 GC heap after
Heap after GC invocations=16 (full 1):
 PSYoungGen      total 40448K, used 7452K [0x00000000e0000000, 0x00000000e3680000, 0x0000000100000000)
  eden space 32768K, 0% used [0x00000000e0000000,0x00000000e0000000,0x00000000e2000000)
  from space 7680K, 97% used [0x00000000e2000000,0x00000000e2747210,0x00000000e2780000)
  to   space 8192K, 0% used [0x00000000e2e80000,0x00000000e2e80000,0x00000000e3680000)
 ParOldGen       total 34816K, used 11173K [0x00000000a0000000, 0x00000000a2200000, 0x00000000e0000000)
  object space 34816K, 32% used [0x00000000a0000000,0x00000000a0ae94f8,0x00000000a2200000)
 Metaspace       used 33081K, capacity 33812K, committed 34176K, reserved 1079296K
  class space    used 4638K, capacity 4872K, committed 4992K, reserved 1048576K
}
Event: 46.400 GC heap before
{Heap before GC invocations=17 (full 1):
 PSYoungGen      total 40448K, used 16190K [0x00000000e0000000, 0x00000000e3680000, 0x0000000100000000)
  eden space 32768K, 26% used [0x00000000e0000000,0x00000000e0888890,0x00000000e2000000)
  from space 7680K, 97% used [0x00000000e2000000,0x00000000e2747210,0x00000000e2780000)
  to   space 8192K, 0% used [0x00000000e2e80000,0x00000000e2e80000,0x00000000e3680000)
 ParOldGen       total 34816K, used 11173K [0x00000000a0000000, 0x00000000a2200000, 0x00000000e0000000)
  object space 34816K, 32% used [0x00000000a0000000,0x00000000a0ae94f8,0x00000000a2200000)
 Metaspace       used 34573K, capacity 35300K, committed 35416K, reserved 1079296K
  class space    used 4842K, capacity 5091K, committed 5120K, reserved 1048576K
Event: 46.427 GC heap after
Heap after GC invocations=17 (full 1):
 PSYoungGen      total 47104K, used 6762K [0x00000000e0000000, 0x00000000e3d80000, 0x0000000100000000)
  eden space 38912K, 0% used [0x00000000e0000000,0x00000000e0000000,0x00000000e2600000)
  from space 8192K, 82% used [0x00000000e2e80000,0x00000000e351a908,0x00000000e3680000)
  to   space 8704K, 0% used [0x00000000e2600000,0x00000000e2600000,0x00000000e2e80000)
 ParOldGen       total 34816K, used 11181K [0x00000000a0000000, 0x00000000a2200000, 0x00000000e0000000)
  object space 34816K, 32% used [0x00000000a0000000,0x00000000a0aeb4f8,0x00000000a2200000)
 Metaspace       used 34573K, capacity 35300K, committed 35416K, reserved 1079296K
  class space    used 4842K, capacity 5091K, committed 5120K, reserved 1048576K
}
Event: 46.427 GC heap before
{Heap before GC invocations=18 (full 2):
 PSYoungGen      total 47104K, used 6762K [0x00000000e0000000, 0x00000000e3d80000, 0x0000000100000000)
  eden space 38912K, 0% used [0x00000000e0000000,0x00000000e0000000,0x00000000e2600000)
  from space 8192K, 82% used [0x00000000e2e80000,0x00000000e351a908,0x00000000e3680000)
  to   space 8704K, 0% used [0x00000000e2600000,0x00000000e2600000,0x00000000e2e80000)
 ParOldGen       total 34816K, used 11181K [0x00000000a0000000, 0x00000000a2200000, 0x00000000e0000000)
  object space 34816K, 32% used [0x00000000a0000000,0x00000000a0aeb4f8,0x00000000a2200000)
 Metaspace       used 34573K, capacity 35300K, committed 35416K, reserved 1079296K
  class space    used 4842K, capacity 5091K, committed 5120K, reserved 1048576K
Event: 46.613 GC heap after
Heap after GC invocations=18 (full 2):
 PSYoungGen      total 47104K, used 0K [0x00000000e0000000, 0x00000000e3d80000, 0x0000000100000000)
  eden space 38912K, 0% used [0x00000000e0000000,0x00000000e0000000,0x00000000e2600000)
  from space 8192K, 0% used [0x00000000e2e80000,0x00000000e2e80000,0x00000000e3680000)
  to   space 8704K, 0% used [0x00000000e2600000,0x00000000e2600000,0x00000000e2e80000)
 ParOldGen       total 51712K, used 16005K [0x00000000a0000000, 0x00000000a3280000, 0x00000000e0000000)
  object space 51712K, 30% used [0x00000000a0000000,0x00000000a0fa1718,0x00000000a3280000)
 Metaspace       used 34573K, capacity 35300K, committed 35416K, reserved 1079296K
  class space    used 4842K, capacity 5091K, committed 5120K, reserved 1048576K
}

Deoptimization events (10 events):
Event: 44.596 Thread 0x0000000018cfa000 Uncommon trap: reason=unstable_if action=reinterpret pc=0x0000000002e81418 method=java.lang.ThreadLocal$ThreadLocalMap.set(Ljava/lang/ThreadLocal;Ljava/lang/Object;)V @ 119
Event: 45.236 Thread 0x0000000018cfa000 Uncommon trap: reason=class_check action=maybe_recompile pc=0x0000000002c6a848 method=java.io.BufferedInputStream.read1([BII)I @ 39
Event: 45.236 Thread 0x0000000018cfa000 Uncommon trap: reason=class_check action=maybe_recompile pc=0x0000000002c6a848 method=java.io.BufferedInputStream.read1([BII)I @ 39
Event: 45.236 Thread 0x0000000018cfa000 Uncommon trap: reason=class_check action=maybe_recompile pc=0x0000000002c6a848 method=java.io.BufferedInputStream.read1([BII)I @ 39
Event: 45.258 Thread 0x0000000018cfa000 Uncommon trap: reason=unstable_if action=reinterpret pc=0x0000000002d84f50 method=java.util.regex.Pattern.has(I)Z @ 6
Event: 45.736 Thread 0x0000000018cfa000 Uncommon trap: reason=bimorphic action=maybe_recompile pc=0x0000000002c5281c method=java.util.Arrays.binarySearch0([Ljava/lang/Object;IILjava/lang/Object;Ljava/util/Comparator;)I @ 48
Event: 45.736 Thread 0x0000000018cfa000 Uncommon trap: reason=bimorphic action=maybe_recompile pc=0x0000000002c5281c method=java.util.Arrays.binarySearch0([Ljava/lang/Object;IILjava/lang/Object;Ljava/util/Comparator;)I @ 48
Event: 45.736 Thread 0x0000000018cfa000 Uncommon trap: reason=bimorphic action=maybe_recompile pc=0x0000000002c5281c method=java.util.Arrays.binarySearch0([Ljava/lang/Object;IILjava/lang/Object;Ljava/util/Comparator;)I @ 48
Event: 45.736 Thread 0x0000000018cfa000 Uncommon trap: reason=bimorphic action=maybe_recompile pc=0x0000000002c5281c method=java.util.Arrays.binarySearch0([Ljava/lang/Object;IILjava/lang/Object;Ljava/util/Comparator;)I @ 48
Event: 45.825 Thread 0x0000000018cfa000 Uncommon trap: reason=unstable_if action=reinterpret pc=0x00000000029c2f5c method=sun.misc.MetaIndex.mayContain(Ljava/lang/String;)Z @ 38

Classes redefined (0 events):
No events

Internal exceptions (10 events):
Event: 44.405 Thread 0x0000000018cfa000 Exception <a 'java/lang/ClassNotFoundException': org/gradle/api/internal/ConventionTaskBeanInfo> (0x00000000e14a00d8) thrown at [D:\src\AOSP-openjdk-cygwin\jdk8u\hotspot\src\share\vm\classfile\systemDictionary.cpp, line 210]
Event: 44.406 Thread 0x0000000018cfa000 Exception <a 'java/lang/ClassNotFoundException': org/gradle/api/DefaultTaskBeanInfo> (0x00000000e14c2cb0) thrown at [D:\src\AOSP-openjdk-cygwin\jdk8u\hotspot\src\share\vm\classfile\systemDictionary.cpp, line 210]
Event: 44.406 Thread 0x0000000018cfa000 Exception <a 'java/lang/ClassNotFoundException': org/gradle/api/internal/AbstractTaskBeanInfo> (0x00000000e14ebe98) thrown at [D:\src\AOSP-openjdk-cygwin\jdk8u\hotspot\src\share\vm\classfile\systemDictionary.cpp, line 210]
Event: 44.407 Thread 0x0000000018cfa000 Exception <a 'java/lang/ClassNotFoundException': org/gradle/api/internal/AbstractTaskCustomizer> (0x00000000e1515c20) thrown at [D:\src\AOSP-openjdk-cygwin\jdk8u\hotspot\src\share\vm\classfile\systemDictionary.cpp, line 210]
Event: 44.411 Thread 0x0000000018cfa000 Exception <a 'java/lang/ClassNotFoundException': org/gradle/api/DefaultTaskCustomizer> (0x00000000e159d8b8) thrown at [D:\src\AOSP-openjdk-cygwin\jdk8u\hotspot\src\share\vm\classfile\systemDictionary.cpp, line 210]
Event: 44.412 Thread 0x0000000018cfa000 Exception <a 'java/lang/ClassNotFoundException': org/gradle/api/internal/ConventionTaskCustomizer> (0x00000000e15d7058) thrown at [D:\src\AOSP-openjdk-cygwin\jdk8u\hotspot\src\share\vm\classfile\systemDictionary.cpp, line 210]
Event: 44.414 Thread 0x0000000018cfa000 Exception <a 'java/lang/ClassNotFoundException': org/gradle/api/tasks/DeleteCustomizer> (0x00000000e160e880) thrown at [D:\src\AOSP-openjdk-cygwin\jdk8u\hotspot\src\share\vm\classfile\systemDictionary.cpp, line 210]
Event: 44.416 Thread 0x0000000018cfa000 Exception <a 'java/lang/ClassNotFoundException': org/gradle/api/tasks/Delete_DecoratedCustomizer> (0x00000000e1653bc8) thrown at [D:\src\AOSP-openjdk-cygwin\jdk8u\hotspot\src\share\vm\classfile\systemDictionary.cpp, line 210]
Event: 44.673 Thread 0x0000000018cfa000 Exception <a 'java/lang/ClassNotFoundException': build_9gdsw8r2k8g599bgmvoftv1q4BeanInfo> (0x00000000e1762b48) thrown at [D:\src\AOSP-openjdk-cygwin\jdk8u\hotspot\src\share\vm\classfile\systemDictionary.cpp, line 210]
Event: 44.674 Thread 0x0000000018cfa000 Exception <a 'java/lang/ClassNotFoundException': build_9gdsw8r2k8g599bgmvoftv1q4Customizer> (0x00000000e176d028) thrown at [D:\src\AOSP-openjdk-cygwin\jdk8u\hotspot\src\share\vm\classfile\systemDictionary.cpp, line 210]

Events (10 events):
Event: 47.420 loading class org/gradle/api/execution/TaskExecutionListener
Event: 47.420 loading class org/gradle/api/execution/TaskExecutionListener done
Event: 47.420 loading class com/android/build/gradle/internal/profile/ProfilerInitializer$ProfileShutdownListener
Event: 47.420 loading class com/android/build/gradle/internal/profile/ProfilerInitializer$ProfileShutdownListener done
Event: 47.421 loading class org/gradle/initialization/BuildCompletionListener
Event: 47.421 loading class org/gradle/initialization/BuildCompletionListener done
Event: 47.421 loading class org/gradle/BuildAdapter
Event: 47.421 loading class org/gradle/BuildAdapter done
Event: 47.421 loading class com/android/builder/profile/ThreadRecorder
Event: 47.421 loading class com/android/builder/profile/ThreadRecorder done


Dynamic libraries:
0x00007ff65f320000 - 0x00007ff65f351000 	C:\Program Files\Android\Android Studio\jre\bin\java.exe
0x00007ff8acca0000 - 0x00007ff8ace4d000 	C:\Windows\SYSTEM32\ntdll.dll
0x00007ff8aac80000 - 0x00007ff8aadbe000 	C:\Windows\system32\KERNEL32.DLL
0x00007ff8aa1e0000 - 0x00007ff8aa2f5000 	C:\Windows\system32\KERNELBASE.dll
0x00007ff8ac7d0000 - 0x00007ff8ac87a000 	C:\Windows\system32\ADVAPI32.dll
0x00007ff8aa370000 - 0x00007ff8aa4e7000 	C:\Windows\system32\USER32.dll
0x00007ff8a7ee0000 - 0x00007ff8a815b000 	C:\Windows\WinSxS\amd64_microsoft.windows.common-controls_6595b64144ccf1df_6.0.9600.18006_none_623f33d3ecbe86e8\COMCTL32.dll
0x00007ff8ac960000 - 0x00007ff8aca0a000 	C:\Windows\system32\msvcrt.dll
0x00007ff8aca10000 - 0x00007ff8aca69000 	C:\Windows\SYSTEM32\sechost.dll
0x00007ff8ab100000 - 0x00007ff8ab240000 	C:\Windows\system32\RPCRT4.dll
0x00007ff8aa6c0000 - 0x00007ff8aa80b000 	C:\Windows\system32\GDI32.dll
0x00007ff8aa300000 - 0x00007ff8aa32e000 	C:\Windows\system32\SspiCli.dll
0x00007ff8aa330000 - 0x00007ff8aa366000 	C:\Windows\system32\IMM32.DLL
0x00007ff8aa560000 - 0x00007ff8aa6b1000 	C:\Windows\system32\MSCTF.dll
0x0000000057aa0000 - 0x0000000057b72000 	C:\Program Files\Android\Android Studio\jre\jre\bin\msvcr100.dll
0x0000000056630000 - 0x0000000056e6f000 	C:\Program Files\Android\Android Studio\jre\jre\bin\server\jvm.dll
0x00007ff8a1630000 - 0x00007ff8a1639000 	C:\Windows\SYSTEM32\WSOCK32.dll
0x00007ff8a2570000 - 0x00007ff8a2592000 	C:\Windows\SYSTEM32\WINMM.dll
0x00007ff8a16d0000 - 0x00007ff8a16da000 	C:\Windows\SYSTEM32\VERSION.dll
0x00007ff8ab090000 - 0x00007ff8ab097000 	C:\Windows\system32\PSAPI.DLL
0x00007ff8ab0a0000 - 0x00007ff8ab0fa000 	C:\Windows\system32\WS2_32.dll
0x00007ff8a24b0000 - 0x00007ff8a24da000 	C:\Windows\SYSTEM32\WINMMBASE.dll
0x00007ff8ac950000 - 0x00007ff8ac959000 	C:\Windows\system32\NSI.dll
0x00007ff8aa0e0000 - 0x00007ff8aa12f000 	C:\Windows\SYSTEM32\cfgmgr32.dll
0x00007ff8a8be0000 - 0x00007ff8a8c08000 	C:\Windows\SYSTEM32\DEVOBJ.dll
0x00007ff8a36f0000 - 0x00007ff8a36ff000 	C:\Program Files\Android\Android Studio\jre\jre\bin\verify.dll
0x00007ff880a90000 - 0x00007ff880ab9000 	C:\Program Files\Android\Android Studio\jre\jre\bin\java.dll
0x00007ff880840000 - 0x00007ff880856000 	C:\Program Files\Android\Android Studio\jre\jre\bin\zip.dll
0x00007ff8ab240000 - 0x00007ff8ac76c000 	C:\Windows\system32\SHELL32.dll
0x00007ff8aca80000 - 0x00007ff8acc92000 	C:\Windows\SYSTEM32\combase.dll
0x00007ff8aae80000 - 0x00007ff8aaed4000 	C:\Windows\system32\SHLWAPI.dll
0x00007ff8a85f0000 - 0x00007ff8a86a2000 	C:\Windows\SYSTEM32\SHCORE.dll
0x00007ff8a9dd0000 - 0x00007ff8a9de5000 	C:\Windows\SYSTEM32\profapi.dll
0x00007ff880820000 - 0x00007ff88083a000 	C:\Program Files\Android\Android Studio\jre\jre\bin\net.dll
0x00007ff8a9620000 - 0x00007ff8a9679000 	C:\Windows\system32\mswsock.dll
0x00007ff880800000 - 0x00007ff880811000 	C:\Program Files\Android\Android Studio\jre\jre\bin\nio.dll
0x00007ff880580000 - 0x00007ff88059e000 	C:\Users\Nikola\.gradle\native\25\windows-amd64\native-platform.dll
0x00007ff8807d0000 - 0x00007ff8807dd000 	C:\Program Files\Android\Android Studio\jre\jre\bin\management.dll
0x00007ff8a9680000 - 0x00007ff8a96a0000 	C:\Windows\SYSTEM32\CRYPTSP.dll
0x00007ff8a9240000 - 0x00007ff8a9276000 	C:\Windows\system32\rsaenh.dll
0x00007ff8a9930000 - 0x00007ff8a9956000 	C:\Windows\SYSTEM32\bcrypt.dll
0x00007ff8a93b0000 - 0x00007ff8a93d1000 	C:\Windows\SYSTEM32\USERENV.dll
0x00007ff8a9ca0000 - 0x00007ff8a9d03000 	C:\Windows\system32\bcryptprimitives.dll
0x00007ff8a9d10000 - 0x00007ff8a9d1b000 	C:\Windows\SYSTEM32\CRYPTBASE.dll
0x00007ff8a49a0000 - 0x00007ff8a49ca000 	C:\Windows\SYSTEM32\IPHLPAPI.DLL
0x00007ff8a50b0000 - 0x00007ff8a50ba000 	C:\Windows\SYSTEM32\WINNSI.DLL
0x00007ff8a4500000 - 0x00007ff8a4516000 	C:\Windows\SYSTEM32\dhcpcsvc6.DLL
0x00007ff8a46c0000 - 0x00007ff8a46da000 	C:\Windows\SYSTEM32\dhcpcsvc.DLL

VM Arguments:
jvm_args: -Xmx1536m -Dfile.encoding=windows-1252 -Duser.country=US -Duser.language=en -Duser.variant 
java_command: org.gradle.launcher.daemon.bootstrap.GradleDaemon 4.4
java_class_path (initial): C:\Users\Nikola\.gradle\wrapper\dists\gradle-4.4-all\9br9xq1tocpiv8o6njlyu5op1\gradle-4.4\lib\gradle-launcher-4.4.jar
Launcher Type: SUN_STANDARD

Environment Variables:
JAVA_HOME=C:\Program Files\Java\jdk1.8.0_121
PATH=D:\app\client\Nikola\product\12.1.0\client_1;D:\app\client\Nikola\product\12.1.0\client_1\bin;C:\ProgramData\Oracle\Java\javapath;C:\Program Files\Broadcom\Broadcom 802.11;C:\Windows\system32;C:\Windows;C:\Windows\System32\Wbem;C:\Windows\System32\WindowsPowerShell\v1.0\;C:\Program Files\Microsoft SQL Server\120\Tools\Binn\;C:\Program Files\Microsoft SQL Server\130\Tools\Binn\;C:\Program Files (x86)\Skype\Phone\;C:\Program Files\Microsoft\Web Platform Installer\;C:\Program Files\Microsoft SQL Server\Client SDK\ODBC\110\Tools\Binn\;C:\Program Files (x86)\Microsoft SQL Server\120\Tools\Binn\;C:\Program Files\Microsoft SQL Server\120\DTS\Binn\;C:\Program Files (x86)\Microsoft SQL Server\Client SDK\ODBC\130\Tools\Binn\;C:\Program Files (x86)\Microsoft SQL Server\140\Tools\Binn\;C:\Program Files (x86)\Microsoft SQL Server\140\DTS\Binn\;C:\Program Files (x86)\Microsoft SQL Server\140\Tools\Binn\ManagementStudio\;C:\Program Files (x86)\Microsoft SQL Server\120\Tools\Binn\ManagementStudio\;C:\Program Files (x86)\Microsoft SQL Server\120\DTS\Binn\;C:\Program Files\dotnet\;C:\Windows\system32\config\systemprofile\.dnx\bin;C:\Program Files\Microsoft DNX\Dnvm\;C:\Program Files\nodejs\;C:\Program Files\Git\cmd;C:\Program Files\Microsoft SQL Server\Client SDK\ODBC\130\Tools\Binn\;C:\Program Files\Microsoft SQL Server\140\Tools\Binn\;C:\Program Files\Microsoft SQL Server\140\DTS\Binn\;C:\Program Files (x86)\GtkSharp\2.12\bin;C:\Users\Nikola\AppData\Roaming\npm
USERNAME=Nikola
OS=Windows_NT
PROCESSOR_IDENTIFIER=Intel64 Family 6 Model 60 Stepping 3, GenuineIntel



---------------  S Y S T E M  ---------------

OS: Windows 8.1 , 64 bit Build 9600 (6.3.9600.17415)

CPU:total 4 (initial active 4) (2 cores per cpu, 2 threads per core) family 6 model 60 stepping 3, cmov, cx8, fxsr, mmx, sse, sse2, sse3, ssse3, sse4.1, sse4.2, popcnt, avx, avx2, clmul, erms, lzcnt, ht, tsc, tscinvbit, bmi1, bmi2

Memory: 4k page, physical 4105324k(508100k free), swap 16688236k(5096k free)

vm_info: OpenJDK 64-Bit Server VM (25.152-b02) for windows-amd64 JRE (1.8.0_152-release-1024-b02), built by "builder" with MS VC++ 10.0 (VS2010)

time: Thu Apr 26 05:31:37 2018
elapsed time: 47 seconds (0d 0h 0m 47s)

